<?xml version="1.0" encoding="UTF-8"?>
<robot generator="Robot 5.0.1 (Python 3.9.13 on win32)" generated="20220609 14:42:31.923" rpa="false" schemaversion="3">
<suite id="s1" name="Boucle" source="C:\Developpement\notre_ihm\tests\boucle.robot">
<test id="s1-t1" name="Boucle" line="4">
<for flavor="IN">
<var>${nombre}</var>
<value>${MA_LISTE}</value>
<iter>
<var name="${nombre}">['un deux trois quatre cinq six sept']</var>
<kw name="Log" library="BuiltIn">
<arg>${nombre}</arg>
<doc>Logs the given message with the given level.</doc>
<msg timestamp="20220609 14:42:31.973" level="INFO">['un deux trois quatre cinq six sept']</msg>
<status status="PASS" starttime="20220609 14:42:31.973" endtime="20220609 14:42:31.973"/>
</kw>
<kw name="Log" library="BuiltIn">
<arg>Pause</arg>
<doc>Logs the given message with the given level.</doc>
<msg timestamp="20220609 14:42:31.973" level="INFO">Pause</msg>
<status status="PASS" starttime="20220609 14:42:31.973" endtime="20220609 14:42:31.973"/>
</kw>
<status status="PASS" starttime="20220609 14:42:31.957" endtime="20220609 14:42:31.973"/>
</iter>
<status status="PASS" starttime="20220609 14:42:31.957" endtime="20220609 14:42:31.973"/>
</for>
<kw name="Log" library="BuiltIn">
<arg>La boucle est finie</arg>
<doc>Logs the given message with the given level.</doc>
<msg timestamp="20220609 14:42:31.973" level="INFO">La boucle est finie</msg>
<status status="PASS" starttime="20220609 14:42:31.973" endtime="20220609 14:42:31.973"/>
</kw>
<status status="PASS" starttime="20220609 14:42:31.957" endtime="20220609 14:42:31.973"/>
</test>
<test id="s1-t2" name="Boucle range" line="11">
<for flavor="IN RANGE">
<var>${index}</var>
<value>1</value>
<value>6</value>
<iter>
<var name="${index}">1</var>
<kw name="Log" library="BuiltIn">
<arg>${index}</arg>
<doc>Logs the given message with the given level.</doc>
<msg timestamp="20220609 14:42:31.973" level="INFO">1</msg>
<status status="PASS" starttime="20220609 14:42:31.973" endtime="20220609 14:42:31.973"/>
</kw>
<kw name="Log" library="BuiltIn">
<arg>Pause</arg>
<doc>Logs the given message with the given level.</doc>
<msg timestamp="20220609 14:42:31.973" level="INFO">Pause</msg>
<status status="PASS" starttime="20220609 14:42:31.973" endtime="20220609 14:42:31.973"/>
</kw>
<status status="PASS" starttime="20220609 14:42:31.973" endtime="20220609 14:42:31.973"/>
</iter>
<iter>
<var name="${index}">2</var>
<kw name="Log" library="BuiltIn">
<arg>${index}</arg>
<doc>Logs the given message with the given level.</doc>
<msg timestamp="20220609 14:42:31.973" level="INFO">2</msg>
<status status="PASS" starttime="20220609 14:42:31.973" endtime="20220609 14:42:31.973"/>
</kw>
<kw name="Log" library="BuiltIn">
<arg>Pause</arg>
<doc>Logs the given message with the given level.</doc>
<msg timestamp="20220609 14:42:31.973" level="INFO">Pause</msg>
<status status="PASS" starttime="20220609 14:42:31.973" endtime="20220609 14:42:31.973"/>
</kw>
<status status="PASS" starttime="20220609 14:42:31.973" endtime="20220609 14:42:31.973"/>
</iter>
<iter>
<var name="${index}">3</var>
<kw name="Log" library="BuiltIn">
<arg>${index}</arg>
<doc>Logs the given message with the given level.</doc>
<msg timestamp="20220609 14:42:31.973" level="INFO">3</msg>
<status status="PASS" starttime="20220609 14:42:31.973" endtime="20220609 14:42:31.973"/>
</kw>
<kw name="Log" library="BuiltIn">
<arg>Pause</arg>
<doc>Logs the given message with the given level.</doc>
<msg timestamp="20220609 14:42:31.973" level="INFO">Pause</msg>
<status status="PASS" starttime="20220609 14:42:31.973" endtime="20220609 14:42:31.973"/>
</kw>
<status status="PASS" starttime="20220609 14:42:31.973" endtime="20220609 14:42:31.973"/>
</iter>
<iter>
<var name="${index}">4</var>
<kw name="Log" library="BuiltIn">
<arg>${index}</arg>
<doc>Logs the given message with the given level.</doc>
<msg timestamp="20220609 14:42:31.973" level="INFO">4</msg>
<status status="PASS" starttime="20220609 14:42:31.973" endtime="20220609 14:42:31.973"/>
</kw>
<kw name="Log" library="BuiltIn">
<arg>Pause</arg>
<doc>Logs the given message with the given level.</doc>
<msg timestamp="20220609 14:42:31.973" level="INFO">Pause</msg>
<status status="PASS" starttime="20220609 14:42:31.973" endtime="20220609 14:42:31.973"/>
</kw>
<status status="PASS" starttime="20220609 14:42:31.973" endtime="20220609 14:42:31.973"/>
</iter>
<iter>
<var name="${index}">5</var>
<kw name="Log" library="BuiltIn">
<arg>${index}</arg>
<doc>Logs the given message with the given level.</doc>
<msg timestamp="20220609 14:42:31.973" level="INFO">5</msg>
<status status="PASS" starttime="20220609 14:42:31.973" endtime="20220609 14:42:31.973"/>
</kw>
<kw name="Log" library="BuiltIn">
<arg>Pause</arg>
<doc>Logs the given message with the given level.</doc>
<msg timestamp="20220609 14:42:31.973" level="INFO">Pause</msg>
<status status="PASS" starttime="20220609 14:42:31.973" endtime="20220609 14:42:31.973"/>
</kw>
<status status="PASS" starttime="20220609 14:42:31.973" endtime="20220609 14:42:31.973"/>
</iter>
<status status="PASS" starttime="20220609 14:42:31.973" endtime="20220609 14:42:31.973"/>
</for>
<kw name="Log" library="BuiltIn">
<arg>La boucle est finie</arg>
<doc>Logs the given message with the given level.</doc>
<msg timestamp="20220609 14:42:31.973" level="INFO">La boucle est finie</msg>
<status status="PASS" starttime="20220609 14:42:31.973" endtime="20220609 14:42:31.973"/>
</kw>
<tag>two</tag>
<status status="PASS" starttime="20220609 14:42:31.973" endtime="20220609 14:42:31.973"/>
</test>
<status status="PASS" starttime="20220609 14:42:31.925" endtime="20220609 14:42:31.973"/>
</suite>
<statistics>
<total>
<stat pass="2" fail="0" skip="0">All Tests</stat>
</total>
<tag>
<stat pass="1" fail="0" skip="0">two</stat>
</tag>
<suite>
<stat pass="2" fail="0" skip="0" id="s1" name="Boucle">Boucle</stat>
</suite>
</statistics>
<errors>
</errors>
</robot>
